<?xml version="1.0" encoding="UTF-8"?>
<!-- Generated by org.testng.reporters.JUnitXMLReporter -->
<testsuite ignored="0" hostname="Ranjeeths-MacBook-Pro.local" failures="2" tests="11" name="Free CRM Application Test Cases" time="127.014" errors="0" timestamp="15 Jun 2018 08:21:08 GMT">
  <testcase classname="com.crm.qa.testSuites.LoginPageTest" name="loginTest" time="8.616"/>
  <testcase classname="com.crm.qa.testSuites.HomePageTest" name="validateLoginpageTitle" time="0.007">
    <failure type="java.lang.AssertionError" message="Title is wrong expected [Free CRM software in the cloud powers sales and customer service] but found [CRMPRO]">
      <![CDATA[java.lang.AssertionError: Title is wrong expected [Free CRM software in the cloud powers sales and customer service] but found [CRMPRO]
	at com.crm.qa.testSuites.HomePageTest.validateLoginpageTitle(HomePageTest.java:45)
... Removed 30 stack frames]]>
    </failure>
  </testcase> <!-- validateLoginpageTitle -->
  <testcase classname="com.crm.qa.testSuites.LoginPageTest" name="validateLoginpageTitle" time="0.007"/>
  <testcase classname="com.crm.qa.testSuites.HomePageTest" name="validateUsernameText" time="0.062">
    <failure type="java.lang.AssertionError" message="The text was something expected [User: Ranjeeth Didigum] but found [  User: Ranjeeth Didigum]">
      <![CDATA[java.lang.AssertionError: The text was something expected [User: Ranjeeth Didigum] but found [  User: Ranjeeth Didigum]
	at com.crm.qa.testSuites.HomePageTest.validateUsernameText(HomePageTest.java:53)
... Removed 30 stack frames]]>
    </failure>
  </testcase> <!-- validateUsernameText -->
  <testcase classname="com.crm.qa.testSuites.ContactsPageTest" name="enterName" time="1.096"/>
  <testcase classname="com.crm.qa.testSuites.HomePageTest" name="clickOnDealsLink" time="0.203"/>
  <testcase classname="com.crm.qa.testSuites.ContactsPageTest" name="enterNewContactList" time="1.93"/>
  <testcase classname="com.crm.qa.testSuites.ContactsPageTest" name="enterNewContactList" time="1.975"/>
  <testcase classname="com.crm.qa.testSuites.ContactsPageTest" name="enterNewContactList" time="2.013"/>
  <testcase classname="com.crm.qa.testSuites.HomePageTest" name="clickOnContactsLink" time="0.125"/>
  <testcase classname="com.crm.qa.testSuites.HomePageTest" name="clickOnTasksLink" time="0.194"/>
</testsuite> <!-- Free CRM Application Test Cases -->
