<?xml version="1.0" encoding="UTF-8"?>
<testng-results ignored="0" total="11" passed="9" failed="2" skipped="0">
  <reporter-output>
  </reporter-output>
  <suite started-at="2018-06-15T08:19:00Z" name="Free CRM Application Test Automation Test Suite" finished-at="2018-06-15T08:21:07Z" duration-ms="127014">
    <groups>
    </groups>
    <test started-at="2018-06-15T08:19:00Z" name="Free CRM Application Test Cases" finished-at="2018-06-15T08:21:07Z" duration-ms="127014">
      <class name="com.crm.qa.testSuites.LoginPageTest">
        <test-method is-config="true" signature="setup()[pri:0, instance:com.crm.qa.testSuites.LoginPageTest@484970b0]" started-at="2018-06-15T13:49:00Z" name="setup" finished-at="2018-06-15T13:49:06Z" duration-ms="5403" status="PASS">
          <reporter-output>
          </reporter-output>
        </test-method> <!-- setup -->
        <test-method signature="loginTest()[pri:0, instance:com.crm.qa.testSuites.LoginPageTest@484970b0]" started-at="2018-06-15T13:49:06Z" name="loginTest" finished-at="2018-06-15T13:49:14Z" duration-ms="8616" status="PASS">
          <reporter-output>
          </reporter-output>
        </test-method> <!-- loginTest -->
        <test-method is-config="true" signature="teardown()[pri:0, instance:com.crm.qa.testSuites.LoginPageTest@484970b0]" started-at="2018-06-15T13:49:14Z" name="teardown" finished-at="2018-06-15T13:49:14Z" duration-ms="0" status="PASS">
          <reporter-output>
          </reporter-output>
        </test-method> <!-- teardown -->
        <test-method is-config="true" signature="setup()[pri:0, instance:com.crm.qa.testSuites.LoginPageTest@484970b0]" started-at="2018-06-15T13:49:26Z" name="setup" finished-at="2018-06-15T13:49:32Z" duration-ms="5886" status="PASS">
          <reporter-output>
          </reporter-output>
        </test-method> <!-- setup -->
        <test-method signature="validateLoginpageTitle()[pri:1, instance:com.crm.qa.testSuites.LoginPageTest@484970b0]" started-at="2018-06-15T13:49:32Z" name="validateLoginpageTitle" finished-at="2018-06-15T13:49:32Z" duration-ms="7" status="PASS">
          <reporter-output>
          </reporter-output>
        </test-method> <!-- validateLoginpageTitle -->
        <test-method is-config="true" signature="teardown()[pri:0, instance:com.crm.qa.testSuites.LoginPageTest@484970b0]" started-at="2018-06-15T13:49:32Z" name="teardown" finished-at="2018-06-15T13:49:32Z" duration-ms="1" status="PASS">
          <reporter-output>
          </reporter-output>
        </test-method> <!-- teardown -->
      </class> <!-- com.crm.qa.testSuites.LoginPageTest -->
      <class name="com.crm.qa.testSuites.ContactsPageTest">
        <test-method is-config="true" signature="setup()[pri:0, instance:com.crm.qa.testSuites.ContactsPageTest@7c83dc97]" started-at="2018-06-15T13:49:44Z" name="setup" finished-at="2018-06-15T13:49:56Z" duration-ms="12230" status="PASS">
          <reporter-output>
          </reporter-output>
        </test-method> <!-- setup -->
        <test-method signature="enterName()[pri:1, instance:com.crm.qa.testSuites.ContactsPageTest@7c83dc97]" started-at="2018-06-15T13:49:56Z" name="enterName" finished-at="2018-06-15T13:49:57Z" duration-ms="1096" status="PASS">
          <reporter-output>
          </reporter-output>
        </test-method> <!-- enterName -->
        <test-method is-config="true" signature="teardown()[pri:0, instance:com.crm.qa.testSuites.ContactsPageTest@7c83dc97]" started-at="2018-06-15T13:49:57Z" name="teardown" finished-at="2018-06-15T13:49:57Z" duration-ms="0" status="PASS">
          <reporter-output>
          </reporter-output>
        </test-method> <!-- teardown -->
        <test-method is-config="true" signature="setup()[pri:0, instance:com.crm.qa.testSuites.ContactsPageTest@7c83dc97]" started-at="2018-06-15T13:50:09Z" name="setup" finished-at="2018-06-15T13:50:18Z" duration-ms="9471" status="PASS">
          <reporter-output>
          </reporter-output>
        </test-method> <!-- setup -->
        <test-method signature="enterNewContactList(java.lang.String, java.lang.String, java.lang.String)[pri:2, instance:com.crm.qa.testSuites.ContactsPageTest@7c83dc97]" started-at="2018-06-15T13:50:18Z" name="enterNewContactList" data-provider="getCRMTestdata" finished-at="2018-06-15T13:50:20Z" duration-ms="1930" status="PASS">
          <params>
            <param index="0">
              <value>
                <![CDATA[Mr.]]>
              </value>
            </param>
            <param index="1">
              <value>
                <![CDATA[Tom]]>
              </value>
            </param>
            <param index="2">
              <value>
                <![CDATA[Peter]]>
              </value>
            </param>
          </params>
          <reporter-output>
          </reporter-output>
        </test-method> <!-- enterNewContactList -->
        <test-method is-config="true" signature="teardown()[pri:0, instance:com.crm.qa.testSuites.ContactsPageTest@7c83dc97]" started-at="2018-06-15T13:50:20Z" name="teardown" finished-at="2018-06-15T13:50:20Z" duration-ms="0" status="PASS">
          <reporter-output>
          </reporter-output>
        </test-method> <!-- teardown -->
        <test-method is-config="true" signature="setup()[pri:0, instance:com.crm.qa.testSuites.ContactsPageTest@7c83dc97]" started-at="2018-06-15T13:50:20Z" name="setup" finished-at="2018-06-15T13:50:29Z" duration-ms="8682" status="PASS">
          <reporter-output>
          </reporter-output>
        </test-method> <!-- setup -->
        <test-method signature="enterNewContactList(java.lang.String, java.lang.String, java.lang.String)[pri:2, instance:com.crm.qa.testSuites.ContactsPageTest@7c83dc97]" started-at="2018-06-15T13:50:29Z" name="enterNewContactList" data-provider="getCRMTestdata" finished-at="2018-06-15T13:50:31Z" duration-ms="1975" status="PASS">
          <params>
            <param index="0">
              <value>
                <![CDATA[Dr.]]>
              </value>
            </param>
            <param index="1">
              <value>
                <![CDATA[David]]>
              </value>
            </param>
            <param index="2">
              <value>
                <![CDATA[Cris]]>
              </value>
            </param>
          </params>
          <reporter-output>
          </reporter-output>
        </test-method> <!-- enterNewContactList -->
        <test-method is-config="true" signature="teardown()[pri:0, instance:com.crm.qa.testSuites.ContactsPageTest@7c83dc97]" started-at="2018-06-15T13:50:31Z" name="teardown" finished-at="2018-06-15T13:50:31Z" duration-ms="0" status="PASS">
          <reporter-output>
          </reporter-output>
        </test-method> <!-- teardown -->
        <test-method is-config="true" signature="setup()[pri:0, instance:com.crm.qa.testSuites.ContactsPageTest@7c83dc97]" started-at="2018-06-15T13:50:31Z" name="setup" finished-at="2018-06-15T13:50:44Z" duration-ms="13028" status="PASS">
          <reporter-output>
          </reporter-output>
        </test-method> <!-- setup -->
        <test-method signature="enterNewContactList(java.lang.String, java.lang.String, java.lang.String)[pri:2, instance:com.crm.qa.testSuites.ContactsPageTest@7c83dc97]" started-at="2018-06-15T13:50:44Z" name="enterNewContactList" data-provider="getCRMTestdata" finished-at="2018-06-15T13:50:46Z" duration-ms="2013" status="PASS">
          <params>
            <param index="0">
              <value>
                <![CDATA[Mrs.]]>
              </value>
            </param>
            <param index="1">
              <value>
                <![CDATA[Mukta]]>
              </value>
            </param>
            <param index="2">
              <value>
                <![CDATA[sharma]]>
              </value>
            </param>
          </params>
          <reporter-output>
          </reporter-output>
        </test-method> <!-- enterNewContactList -->
        <test-method is-config="true" signature="teardown()[pri:0, instance:com.crm.qa.testSuites.ContactsPageTest@7c83dc97]" started-at="2018-06-15T13:50:46Z" name="teardown" finished-at="2018-06-15T13:50:46Z" duration-ms="0" status="PASS">
          <reporter-output>
          </reporter-output>
        </test-method> <!-- teardown -->
      </class> <!-- com.crm.qa.testSuites.ContactsPageTest -->
      <class name="com.crm.qa.testSuites.HomePageTest">
        <test-method is-config="true" signature="setup()[pri:0, instance:com.crm.qa.testSuites.HomePageTest@4470f8a6]" started-at="2018-06-15T13:49:14Z" name="setup" finished-at="2018-06-15T13:49:26Z" duration-ms="11376" status="PASS">
          <reporter-output>
          </reporter-output>
        </test-method> <!-- setup -->
        <test-method signature="validateLoginpageTitle()[pri:0, instance:com.crm.qa.testSuites.HomePageTest@4470f8a6]" started-at="2018-06-15T13:49:26Z" name="validateLoginpageTitle" finished-at="2018-06-15T13:49:26Z" duration-ms="7" status="FAIL">
          <exception class="java.lang.AssertionError">
            <message>
              <![CDATA[Title is wrong expected [Free CRM software in the cloud powers sales and customer service] but found [CRMPRO]]]>
            </message>
            <full-stacktrace>
              <![CDATA[java.lang.AssertionError: Title is wrong expected [Free CRM software in the cloud powers sales and customer service] but found [CRMPRO]
	at org.testng.Assert.fail(Assert.java:93)
	at org.testng.Assert.failNotEquals(Assert.java:512)
	at org.testng.Assert.assertEqualsImpl(Assert.java:134)
	at org.testng.Assert.assertEquals(Assert.java:115)
	at org.testng.Assert.assertEquals(Assert.java:189)
	at com.crm.qa.testSuites.HomePageTest.validateLoginpageTitle(HomePageTest.java:45)
	at java.base/jdk.internal.reflect.NativeMethodAccessorImpl.invoke0(Native Method)
	at java.base/jdk.internal.reflect.NativeMethodAccessorImpl.invoke(NativeMethodAccessorImpl.java:62)
	at java.base/jdk.internal.reflect.DelegatingMethodAccessorImpl.invoke(DelegatingMethodAccessorImpl.java:43)
	at java.base/java.lang.reflect.Method.invoke(Method.java:564)
	at org.testng.internal.MethodInvocationHelper.invokeMethod(MethodInvocationHelper.java:108)
	at org.testng.internal.Invoker.invokeMethod(Invoker.java:661)
	at org.testng.internal.Invoker.invokeTestMethod(Invoker.java:869)
	at org.testng.internal.Invoker.invokeTestMethods(Invoker.java:1193)
	at org.testng.internal.TestMethodWorker.invokeTestMethods(TestMethodWorker.java:126)
	at org.testng.internal.TestMethodWorker.run(TestMethodWorker.java:109)
	at org.testng.TestRunner.privateRun(TestRunner.java:744)
	at org.testng.TestRunner.run(TestRunner.java:602)
	at org.testng.SuiteRunner.runTest(SuiteRunner.java:380)
	at org.testng.SuiteRunner.runSequentially(SuiteRunner.java:375)
	at org.testng.SuiteRunner.privateRun(SuiteRunner.java:340)
	at org.testng.SuiteRunner.run(SuiteRunner.java:289)
	at org.testng.SuiteRunnerWorker.runSuite(SuiteRunnerWorker.java:52)
	at org.testng.SuiteRunnerWorker.run(SuiteRunnerWorker.java:86)
	at org.testng.TestNG.runSuitesSequentially(TestNG.java:1301)
	at org.testng.TestNG.runSuitesLocally(TestNG.java:1226)
	at org.testng.TestNG.runSuites(TestNG.java:1144)
	at org.testng.TestNG.run(TestNG.java:1115)
	at org.testng.remote.AbstractRemoteTestNG.run(AbstractRemoteTestNG.java:114)
	at org.testng.remote.RemoteTestNG.initAndRun(RemoteTestNG.java:251)
	at org.testng.remote.RemoteTestNG.main(RemoteTestNG.java:77)
]]>
            </full-stacktrace>
          </exception> <!-- java.lang.AssertionError -->
          <reporter-output>
          </reporter-output>
        </test-method> <!-- validateLoginpageTitle -->
        <test-method is-config="true" signature="tearDown()[pri:0, instance:com.crm.qa.testSuites.HomePageTest@4470f8a6]" started-at="2018-06-15T13:49:26Z" name="tearDown" finished-at="2018-06-15T13:49:26Z" duration-ms="91" status="PASS">
          <reporter-output>
          </reporter-output>
        </test-method> <!-- tearDown -->
        <test-method is-config="true" signature="setup()[pri:0, instance:com.crm.qa.testSuites.HomePageTest@4470f8a6]" started-at="2018-06-15T13:49:32Z" name="setup" finished-at="2018-06-15T13:49:44Z" duration-ms="12095" status="PASS">
          <reporter-output>
          </reporter-output>
        </test-method> <!-- setup -->
        <test-method signature="validateUsernameText()[pri:1, instance:com.crm.qa.testSuites.HomePageTest@4470f8a6]" started-at="2018-06-15T13:49:44Z" name="validateUsernameText" finished-at="2018-06-15T13:49:44Z" duration-ms="62" status="FAIL">
          <exception class="java.lang.AssertionError">
            <message>
              <![CDATA[The text was something expected [User: Ranjeeth Didigum] but found [  User: Ranjeeth Didigum]]]>
            </message>
            <full-stacktrace>
              <![CDATA[java.lang.AssertionError: The text was something expected [User: Ranjeeth Didigum] but found [  User: Ranjeeth Didigum]
	at org.testng.Assert.fail(Assert.java:93)
	at org.testng.Assert.failNotEquals(Assert.java:512)
	at org.testng.Assert.assertEqualsImpl(Assert.java:134)
	at org.testng.Assert.assertEquals(Assert.java:115)
	at org.testng.Assert.assertEquals(Assert.java:189)
	at com.crm.qa.testSuites.HomePageTest.validateUsernameText(HomePageTest.java:53)
	at java.base/jdk.internal.reflect.NativeMethodAccessorImpl.invoke0(Native Method)
	at java.base/jdk.internal.reflect.NativeMethodAccessorImpl.invoke(NativeMethodAccessorImpl.java:62)
	at java.base/jdk.internal.reflect.DelegatingMethodAccessorImpl.invoke(DelegatingMethodAccessorImpl.java:43)
	at java.base/java.lang.reflect.Method.invoke(Method.java:564)
	at org.testng.internal.MethodInvocationHelper.invokeMethod(MethodInvocationHelper.java:108)
	at org.testng.internal.Invoker.invokeMethod(Invoker.java:661)
	at org.testng.internal.Invoker.invokeTestMethod(Invoker.java:869)
	at org.testng.internal.Invoker.invokeTestMethods(Invoker.java:1193)
	at org.testng.internal.TestMethodWorker.invokeTestMethods(TestMethodWorker.java:126)
	at org.testng.internal.TestMethodWorker.run(TestMethodWorker.java:109)
	at org.testng.TestRunner.privateRun(TestRunner.java:744)
	at org.testng.TestRunner.run(TestRunner.java:602)
	at org.testng.SuiteRunner.runTest(SuiteRunner.java:380)
	at org.testng.SuiteRunner.runSequentially(SuiteRunner.java:375)
	at org.testng.SuiteRunner.privateRun(SuiteRunner.java:340)
	at org.testng.SuiteRunner.run(SuiteRunner.java:289)
	at org.testng.SuiteRunnerWorker.runSuite(SuiteRunnerWorker.java:52)
	at org.testng.SuiteRunnerWorker.run(SuiteRunnerWorker.java:86)
	at org.testng.TestNG.runSuitesSequentially(TestNG.java:1301)
	at org.testng.TestNG.runSuitesLocally(TestNG.java:1226)
	at org.testng.TestNG.runSuites(TestNG.java:1144)
	at org.testng.TestNG.run(TestNG.java:1115)
	at org.testng.remote.AbstractRemoteTestNG.run(AbstractRemoteTestNG.java:114)
	at org.testng.remote.RemoteTestNG.initAndRun(RemoteTestNG.java:251)
	at org.testng.remote.RemoteTestNG.main(RemoteTestNG.java:77)
]]>
            </full-stacktrace>
          </exception> <!-- java.lang.AssertionError -->
          <reporter-output>
          </reporter-output>
        </test-method> <!-- validateUsernameText -->
        <test-method is-config="true" signature="tearDown()[pri:0, instance:com.crm.qa.testSuites.HomePageTest@4470f8a6]" started-at="2018-06-15T13:49:44Z" name="tearDown" finished-at="2018-06-15T13:49:44Z" duration-ms="109" status="PASS">
          <reporter-output>
          </reporter-output>
        </test-method> <!-- tearDown -->
        <test-method is-config="true" signature="setup()[pri:0, instance:com.crm.qa.testSuites.HomePageTest@4470f8a6]" started-at="2018-06-15T13:49:57Z" name="setup" finished-at="2018-06-15T13:50:08Z" duration-ms="10127" status="PASS">
          <reporter-output>
          </reporter-output>
        </test-method> <!-- setup -->
        <test-method signature="clickOnDealsLink()[pri:2, instance:com.crm.qa.testSuites.HomePageTest@4470f8a6]" started-at="2018-06-15T13:50:08Z" name="clickOnDealsLink" finished-at="2018-06-15T13:50:08Z" duration-ms="203" status="PASS">
          <reporter-output>
          </reporter-output>
        </test-method> <!-- clickOnDealsLink -->
        <test-method is-config="true" signature="tearDown()[pri:0, instance:com.crm.qa.testSuites.HomePageTest@4470f8a6]" started-at="2018-06-15T13:50:08Z" name="tearDown" finished-at="2018-06-15T13:50:08Z" duration-ms="110" status="PASS">
          <reporter-output>
          </reporter-output>
        </test-method> <!-- tearDown -->
        <test-method is-config="true" signature="setup()[pri:0, instance:com.crm.qa.testSuites.HomePageTest@4470f8a6]" started-at="2018-06-15T13:50:46Z" name="setup" finished-at="2018-06-15T13:50:55Z" duration-ms="9126" status="PASS">
          <reporter-output>
          </reporter-output>
        </test-method> <!-- setup -->
        <test-method signature="clickOnContactsLink()[pri:3, instance:com.crm.qa.testSuites.HomePageTest@4470f8a6]" started-at="2018-06-15T13:50:55Z" name="clickOnContactsLink" finished-at="2018-06-15T13:50:55Z" duration-ms="125" status="PASS">
          <reporter-output>
          </reporter-output>
        </test-method> <!-- clickOnContactsLink -->
        <test-method is-config="true" signature="tearDown()[pri:0, instance:com.crm.qa.testSuites.HomePageTest@4470f8a6]" started-at="2018-06-15T13:50:55Z" name="tearDown" finished-at="2018-06-15T13:50:55Z" duration-ms="106" status="PASS">
          <reporter-output>
          </reporter-output>
        </test-method> <!-- tearDown -->
        <test-method is-config="true" signature="setup()[pri:0, instance:com.crm.qa.testSuites.HomePageTest@4470f8a6]" started-at="2018-06-15T13:50:55Z" name="setup" finished-at="2018-06-15T13:51:07Z" duration-ms="12037" status="PASS">
          <reporter-output>
          </reporter-output>
        </test-method> <!-- setup -->
        <test-method signature="clickOnTasksLink()[pri:4, instance:com.crm.qa.testSuites.HomePageTest@4470f8a6]" started-at="2018-06-15T13:51:07Z" name="clickOnTasksLink" finished-at="2018-06-15T13:51:07Z" duration-ms="194" status="PASS">
          <reporter-output>
          </reporter-output>
        </test-method> <!-- clickOnTasksLink -->
        <test-method is-config="true" signature="tearDown()[pri:0, instance:com.crm.qa.testSuites.HomePageTest@4470f8a6]" started-at="2018-06-15T13:51:07Z" name="tearDown" finished-at="2018-06-15T13:51:07Z" duration-ms="134" status="PASS">
          <reporter-output>
          </reporter-output>
        </test-method> <!-- tearDown -->
      </class> <!-- com.crm.qa.testSuites.HomePageTest -->
    </test> <!-- Free CRM Application Test Cases -->
  </suite> <!-- Free CRM Application Test Automation Test Suite -->
</testng-results>
